11:07:02.663 | Error | 'Deu ruim' | Service: adas | Method: kk | 
11:07:12.633 | Error | 'Deu ruim' | Service: adas | Method: kk | 
11:07:22.634 | Error | 'Deu ruim' | Service: adas | Method: kk | 
11:07:32.634 | Error | 'Deu ruim' | Service: adas | Method: kk | 
11:07:42.634 | Error | 'Deu ruim' | Service: adas | Method: kk | 
11:07:59.874 | Error | 'Deu ruim' | Service: adas | Method: kk | 
11:08:09.881 | Error | 'Deu ruim' | Service: adas | Method: kk | 
11:08:35.702 | Error | 'Deu ruim' | Service: adas | Method: kk | 
11:08:45.701 | Error | 'Deu ruim' | Service: adas | Method: kk | 
11:08:55.701 | Error | 'Deu ruim' | Service: adas | Method: kk | 
11:09:05.700 | Error | 'Deu ruim' | Service: adas | Method: kk | 
11:09:15.700 | Error | 'Deu ruim' | Service: adas | Method: kk | 
11:09:25.701 | Error | 'Deu ruim' | Service: adas | Method: kk | 
11:09:35.702 | Error | 'Deu ruim' | Service: adas | Method: kk | 
11:09:45.707 | Error | 'Deu ruim' | Service: adas | Method: kk | 
11:09:55.702 | Error | 'Deu ruim' | Service: adas | Method: kk | 
11:10:05.707 | Error | 'Deu ruim' | Service: adas | Method: kk | 
11:10:15.709 | Error | 'Deu ruim' | Service: adas | Method: kk | 
11:10:25.711 | Error | 'Deu ruim' | Service: adas | Method: kk | 
11:10:35.706 | Error | 'Deu ruim' | Service: adas | Method: kk | 
11:10:57.864 | Info | 'Deu ruim' | 
11:11:07.863 | Info | 'Deu ruim' | 
11:11:17.864 | Info | 'Deu ruim' | 
11:11:27.865 | Info | 'Deu ruim' | 
11:11:37.866 | Info | 'Deu ruim' | 
11:11:47.867 | Info | 'Deu ruim' | 
11:11:57.867 | Info | 'Deu ruim' | 
11:12:07.868 | Info | 'Deu ruim' | 
11:12:17.869 | Info | 'Deu ruim' | 
11:12:27.869 | Info | 'Deu ruim' | 
11:12:37.870 | Info | 'Deu ruim' | 
11:12:47.870 | Info | 'Deu ruim' | 
11:12:57.872 | Info | 'Deu ruim' | 
11:13:07.873 | Info | 'Deu ruim' | 
11:13:17.874 | Info | 'Deu ruim' | 
11:13:27.874 | Info | 'Deu ruim' | 
11:13:37.874 | Info | 'Deu ruim' | 
11:13:47.874 | Info | 'Deu ruim' | 
11:13:57.875 | Info | 'Deu ruim' | 
11:14:07.875 | Info | 'Deu ruim' | 
11:14:17.876 | Info | 'Deu ruim' | 
11:14:27.876 | Info | 'Deu ruim' | 
11:14:37.876 | Info | 'Deu ruim' | 
11:14:47.876 | Info | 'Deu ruim' | 
11:14:57.877 | Info | 'Deu ruim' | 
11:15:07.877 | Info | 'Deu ruim' | 
11:15:17.877 | Info | 'Deu ruim' | 
11:15:27.912 | Info | 'Deu ruim' | 
11:15:37.878 | Info | 'Deu ruim' | 
11:15:47.879 | Info | 'Deu ruim' | 
11:15:57.879 | Info | 'Deu ruim' | 
11:16:07.880 | Info | 'Deu ruim' | 
11:16:17.880 | Info | 'Deu ruim' | 
11:18:01.849 | Info | 'teste!' | 
16:20:01.782 | Info | 'teste!' | 
16:20:11.781 | Info | 'teste!' | 
16:20:20.692 | Info | 'teste!' | 
16:20:21.690 | Info | 'teste!' | 
16:20:22.691 | Info | 'teste!' | 
16:20:23.692 | Info | 'teste!' | 
16:20:24.692 | Info | 'teste!' | 
16:20:25.692 | Info | 'teste!' | 
16:20:26.693 | Info | 'teste!' | 
16:20:27.693 | Info | 'teste!' | 
16:20:28.694 | Info | 'teste!' | 
16:20:29.695 | Info | 'teste!' | 
16:20:30.695 | Info | 'teste!' | 
16:20:31.696 | Info | 'teste!' | 
16:20:32.697 | Info | 'teste!' | 
16:20:33.698 | Info | 'teste!' | 
16:20:34.698 | Info | 'teste!' | 
16:20:35.698 | Info | 'teste!' | 
16:20:36.697 | Info | 'teste!' | 
16:20:37.699 | Info | 'teste!' | 
16:20:38.701 | Info | 'teste!' | 
16:20:39.700 | Info | 'teste!' | 
16:20:40.701 | Info | 'teste!' | 
16:20:41.701 | Info | 'teste!' | 
16:20:42.702 | Info | 'teste!' | 
16:20:43.702 | Info | 'teste!' | 
16:20:44.704 | Info | 'teste!' | 
16:20:45.705 | Info | 'teste!' | 
16:20:46.705 | Info | 'teste!' | 
16:20:47.705 | Info | 'teste!' | 
16:20:48.706 | Info | 'teste!' | 
16:20:49.706 | Info | 'teste!' | 
16:20:50.706 | Info | 'teste!' | 
16:20:51.706 | Info | 'teste!' | 
16:20:52.708 | Info | 'teste!' | 
16:20:53.707 | Info | 'teste!' | 
16:20:54.707 | Info | 'teste!' | 
16:20:55.707 | Info | 'teste!' | 
16:20:56.708 | Info | 'teste!' | 
16:20:57.708 | Info | 'teste!' | 
16:20:58.709 | Info | 'teste!' | 
16:20:59.710 | Info | 'teste!' | 
16:21:00.711 | Info | 'teste!' | 
16:21:01.711 | Info | 'teste!' | 
16:21:02.712 | Info | 'teste!' | 
16:21:03.712 | Info | 'teste!' | 
16:21:04.713 | Info | 'teste!' | 
16:21:05.712 | Info | 'teste!' | 
16:21:06.713 | Info | 'teste!' | 
16:21:07.713 | Info | 'teste!' | 
16:21:16.255 | Info | 'teste!' | 
16:21:17.254 | Info | 'teste!' | 
16:21:18.255 | Info | 'teste!' | 
16:21:19.256 | Info | 'teste!' | 
16:21:20.256 | Info | 'teste!' | 
16:21:21.256 | Info | 'teste!' | 
16:21:22.255 | Info | 'teste!' | 
16:21:23.257 | Info | 'teste!' | 
16:21:24.263 | Info | 'teste!' | 
16:21:25.263 | Info | 'teste!' | 
16:21:26.263 | Info | 'teste!' | 
16:21:27.263 | Info | 'teste!' | 
16:21:29.168 | Info | 'teste!' | 
16:21:29.263 | Info | 'teste!' | 
16:21:30.265 | Info | 'teste!' | 
16:21:31.265 | Info | 'teste!' | 
16:21:32.266 | Info | 'teste!' | 
16:21:33.267 | Info | 'teste!' | 
16:21:34.268 | Info | 'teste!' | 
16:21:35.269 | Info | 'teste!' | 
16:21:36.270 | Info | 'teste!' | 
16:21:37.270 | Info | 'teste!' | 
16:21:38.270 | Info | 'teste!' | 
16:21:39.270 | Info | 'teste!' | 
16:21:40.271 | Info | 'teste!' | 
16:21:41.272 | Info | 'teste!' | 
16:21:42.272 | Info | 'teste!' | 
16:21:43.273 | Info | 'teste!' | 
16:21:44.273 | Info | 'teste!' | 
16:21:45.273 | Info | 'teste!' | 
16:21:46.273 | Info | 'teste!' | 
16:21:47.274 | Info | 'teste!' | 
16:21:48.274 | Info | 'teste!' | 
16:21:49.275 | Info | 'teste!' | 
16:21:50.275 | Info | 'teste!' | 
16:21:51.276 | Info | 'teste!' | 
16:21:52.276 | Info | 'teste!' | 
16:21:53.316 | Info | 'teste!' | 
16:21:54.309 | Info | 'teste!' | 
16:21:55.309 | Info | 'teste!' | 
16:26:37.915 | Info | 'initPythonTest() -> Error: ENOENT: no such file or directory, open \'C:\\Users\\Felipe\\Downloads\\Compressed\\code - Copia.py\'' | 
16:26:40.441 | Info | 'initPythonTest() -> Error: ENOENT: no such file or directory, open \'C:\\Users\\Felipe\\Downloads\\Compressed\\code - Copia.py\'' | 
16:26:40.629 | Info | 'initPythonTest() -> Error: ENOENT: no such file or directory, open \'C:\\Users\\Felipe\\Downloads\\Compressed\\code - Copia.py\'' | 
16:26:40.757 | Info | 'initPythonTest() -> Error: ENOENT: no such file or directory, open \'C:\\Users\\Felipe\\Downloads\\Compressed\\code - Copia.py\'' | 
16:26:40.861 | Info | 'initPythonTest() -> Error: ENOENT: no such file or directory, open \'C:\\Users\\Felipe\\Downloads\\Compressed\\code - Copia.py\'' | 
16:26:40.950 | Info | 'initPythonTest() -> Error: ENOENT: no such file or directory, open \'C:\\Users\\Felipe\\Downloads\\Compressed\\code - Copia.py\'' | 
16:26:41.052 | Info | 'initPythonTest() -> Error: ENOENT: no such file or directory, open \'C:\\Users\\Felipe\\Downloads\\Compressed\\code - Copia.py\'' | 
16:27:25.824 | Info | 'initPythonTest() -> Error: ENOENT: no such file or directory, open \'C:\\Users\\Felipe\\Downloads\\Compressed\\code - Copia.py\'' | 
16:27:26.037 | Info | 'initPythonTest() -> Error: ENOENT: no such file or directory, open \'C:\\Users\\Felipe\\Downloads\\Compressed\\code - Copia.py\'' | 
16:27:26.192 | Info | 'initPythonTest() -> Error: ENOENT: no such file or directory, open \'C:\\Users\\Felipe\\Downloads\\Compressed\\code - Copia.py\'' | 
16:27:26.317 | Info | 'initPythonTest() -> Error: ENOENT: no such file or directory, open \'C:\\Users\\Felipe\\Downloads\\Compressed\\code - Copia.py\'' | 
16:27:26.453 | Info | 'initPythonTest() -> Error: ENOENT: no such file or directory, open \'C:\\Users\\Felipe\\Downloads\\Compressed\\code - Copia.py\'' | 
16:27:26.581 | Info | 'initPythonTest() -> Error: ENOENT: no such file or directory, open \'C:\\Users\\Felipe\\Downloads\\Compressed\\code - Copia.py\'' | 
16:27:26.710 | Info | 'initPythonTest() -> Error: ENOENT: no such file or directory, open \'C:\\Users\\Felipe\\Downloads\\Compressed\\code - Copia.py\'' | 
16:27:26.838 | Info | 'initPythonTest() -> Error: ENOENT: no such file or directory, open \'C:\\Users\\Felipe\\Downloads\\Compressed\\code - Copia.py\'' | 
16:27:26.981 | Info | 'initPythonTest() -> Error: ENOENT: no such file or directory, open \'C:\\Users\\Felipe\\Downloads\\Compressed\\code - Copia.py\'' | 
16:27:27.100 | Info | 'initPythonTest() -> Error: ENOENT: no such file or directory, open \'C:\\Users\\Felipe\\Downloads\\Compressed\\code - Copia.py\'' | 
16:27:27.229 | Info | 'initPythonTest() -> Error: ENOENT: no such file or directory, open \'C:\\Users\\Felipe\\Downloads\\Compressed\\code - Copia.py\'' | 
16:27:27.374 | Info | 'initPythonTest() -> Error: ENOENT: no such file or directory, open \'C:\\Users\\Felipe\\Downloads\\Compressed\\code - Copia.py\'' | 
16:27:27.478 | Info | 'initPythonTest() -> Error: ENOENT: no such file or directory, open \'C:\\Users\\Felipe\\Downloads\\Compressed\\code - Copia.py\'' | 
16:27:27.574 | Info | 'initPythonTest() -> Error: ENOENT: no such file or directory, open \'C:\\Users\\Felipe\\Downloads\\Compressed\\code - Copia.py\'' | 
16:27:27.759 | Info | 'initPythonTest() -> Error: ENOENT: no such file or directory, open \'C:\\Users\\Felipe\\Downloads\\Compressed\\code - Copia.py\'' | 
16:27:27.945 | Info | 'initPythonTest() -> Error: ENOENT: no such file or directory, open \'C:\\Users\\Felipe\\Downloads\\Compressed\\code - Copia.py\'' | 
16:28:06.150 | Info | 'testeee caralhooo' | 
16:28:06.151 | Info | 'initPythonTest() -> Error: ENOENT: no such file or directory, open \'C:\\Users\\Felipe\\Downloads\\Compressed\\code - Copia.py\'' | 
16:28:07.004 | Info | 'testeee caralhooo' | 
16:28:07.005 | Info | 'initPythonTest() -> Error: ENOENT: no such file or directory, open \'C:\\Users\\Felipe\\Downloads\\Compressed\\code - Copia.py\'' | 
16:30:52.124 | Info | 'Software loaded' | 
16:32:57.545 | Info | 'initPythonTest() -> Error: ENOENT: no such file or directory, open \'C:\\Users\\Felipe\\Downloads\\Compressed\\code - Copia.py\'' | 
16:32:57.985 | Info | 'initPythonTest() -> Error: ENOENT: no such file or directory, open \'C:\\Users\\Felipe\\Downloads\\Compressed\\code - Copia.py\'' | 
16:32:58.224 | Info | 'initPythonTest() -> Error: ENOENT: no such file or directory, open \'C:\\Users\\Felipe\\Downloads\\Compressed\\code - Copia.py\'' | 
16:32:58.488 | Info | 'initPythonTest() -> Error: ENOENT: no such file or directory, open \'C:\\Users\\Felipe\\Downloads\\Compressed\\code - Copia.py\'' | 
16:32:58.856 | Info | 'initPythonTest() -> Error: ENOENT: no such file or directory, open \'C:\\Users\\Felipe\\Downloads\\Compressed\\code - Copia.py\'' | 
16:32:59.064 | Info | 'initPythonTest() -> Error: ENOENT: no such file or directory, open \'C:\\Users\\Felipe\\Downloads\\Compressed\\code - Copia.py\'' | 
16:32:59.416 | Info | 'initPythonTest() -> Error: ENOENT: no such file or directory, open \'C:\\Users\\Felipe\\Downloads\\Compressed\\code - Copia.py\'' | 
16:32:59.961 | Info | 'initPythonTest() -> Error: ENOENT: no such file or directory, open \'C:\\Users\\Felipe\\Downloads\\Compressed\\code - Copia.py\'' | 
16:33:00.288 | Info | 'initPythonTest() -> Error: ENOENT: no such file or directory, open \'C:\\Users\\Felipe\\Downloads\\Compressed\\code - Copia.py\'' | 
16:33:01.272 | Info | 'initPythonTest() -> Error: ENOENT: no such file or directory, open \'C:\\Users\\Felipe\\Downloads\\Compressed\\code - Copia.py\'' | 
16:33:01.624 | Info | 'initPythonTest() -> Error: ENOENT: no such file or directory, open \'C:\\Users\\Felipe\\Downloads\\Compressed\\code - Copia.py\'' | 
16:33:01.784 | Info | 'initPythonTest() -> Error: ENOENT: no such file or directory, open \'C:\\Users\\Felipe\\Downloads\\Compressed\\code - Copia.py\'' | 
16:33:01.920 | Info | 'initPythonTest() -> Error: ENOENT: no such file or directory, open \'C:\\Users\\Felipe\\Downloads\\Compressed\\code - Copia.py\'' | 
16:33:02.080 | Info | 'initPythonTest() -> Error: ENOENT: no such file or directory, open \'C:\\Users\\Felipe\\Downloads\\Compressed\\code - Copia.py\'' | 
16:34:14.000 | Info | 'initPythonTest() -> Error: ENOENT: no such file or directory, open \'C:\\Users\\Felipe\\Downloads\\Compressed\\code - Copia.py\'' | 
16:34:14.159 | Info | 'initPythonTest() -> Error: ENOENT: no such file or directory, open \'C:\\Users\\Felipe\\Downloads\\Compressed\\code - Copia.py\'' | 
16:34:14.304 | Info | 'initPythonTest() -> Error: ENOENT: no such file or directory, open \'C:\\Users\\Felipe\\Downloads\\Compressed\\code - Copia.py\'' | 
16:34:14.440 | Info | 'initPythonTest() -> Error: ENOENT: no such file or directory, open \'C:\\Users\\Felipe\\Downloads\\Compressed\\code - Copia.py\'' | 
16:34:14.576 | Info | 'initPythonTest() -> Error: ENOENT: no such file or directory, open \'C:\\Users\\Felipe\\Downloads\\Compressed\\code - Copia.py\'' | 
16:34:14.704 | Info | 'initPythonTest() -> Error: ENOENT: no such file or directory, open \'C:\\Users\\Felipe\\Downloads\\Compressed\\code - Copia.py\'' | 
16:34:14.840 | Info | 'initPythonTest() -> Error: ENOENT: no such file or directory, open \'C:\\Users\\Felipe\\Downloads\\Compressed\\code - Copia.py\'' | 
16:34:14.975 | Info | 'initPythonTest() -> Error: ENOENT: no such file or directory, open \'C:\\Users\\Felipe\\Downloads\\Compressed\\code - Copia.py\'' | 
16:34:15.128 | Info | 'initPythonTest() -> Error: ENOENT: no such file or directory, open \'C:\\Users\\Felipe\\Downloads\\Compressed\\code - Copia.py\'' | 
16:34:15.296 | Info | 'initPythonTest() -> Error: ENOENT: no such file or directory, open \'C:\\Users\\Felipe\\Downloads\\Compressed\\code - Copia.py\'' | 
16:34:15.480 | Info | 'initPythonTest() -> Error: ENOENT: no such file or directory, open \'C:\\Users\\Felipe\\Downloads\\Compressed\\code - Copia.py\'' | 
16:34:24.352 | Info | 'initPythonTest() -> Error: ENOENT: no such file or directory, open \'C:\\Users\\Felipe\\Downloads\\Compressed\\code - Copia.py\'' | 
16:34:24.568 | Info | 'initPythonTest() -> Error: ENOENT: no such file or directory, open \'C:\\Users\\Felipe\\Downloads\\Compressed\\code - Copia.py\'' | 
16:34:25.455 | Info | 'initPythonTest() -> Error: ENOENT: no such file or directory, open \'C:\\Users\\Felipe\\Downloads\\Compressed\\code - Copia.py\'' | 
16:34:25.656 | Info | 'initPythonTest() -> Error: ENOENT: no such file or directory, open \'C:\\Users\\Felipe\\Downloads\\Compressed\\code - Copia.py\'' | 
16:34:25.824 | Info | 'initPythonTest() -> Error: ENOENT: no such file or directory, open \'C:\\Users\\Felipe\\Downloads\\Compressed\\code - Copia.py\'' | 
16:34:40.672 | Info | 'Software loaded' | 
16:35:06.574 | Info | 'Software loaded' | 
